<?xml version="1.0" encoding="UTF-8" ?>
<testsuite tests="4" failures="0" name="com.mycompany.junitexample.CalculadoraTest" time="0.005" errors="0" skipped="0">
  <properties>
[...]
</properties>
  <testcase classname="com.mycompany.junitexample.CalculadoraTest" name="com.mycompany.junitexample.CalculadoraTest.testSomar" time="0.004"/>
  <testcase classname="com.mycompany.junitexample.CalculadoraTest" name="com.mycompany.junitexample.CalculadoraTest.testMultiplicar" time="0"/>
  <testcase classname="com.mycompany.junitexample.CalculadoraTest" name="com.mycompany.junitexample.CalculadoraTest.testSubtrair" time="0.001"/>
  <testcase classname="com.mycompany.junitexample.CalculadoraTest" name="com.mycompany.junitexample.CalculadoraTest.testDividir" time="0"/>
</testsuite>